This file contains any messages produced by compilers while
running configure, to aid debugging if configure makes a mistake.

It was created by configure, which was
generated by GNU Autoconf 2.60.  Invocation command line was

  $ ./configure --target=sdcc-z80 --host=x86_64-unknown-linux-gnu

## --------- ##
## Platform. ##
## --------- ##

hostname = fc26
uname -m = x86_64
uname -r = 4.11.11-300.fc26.x86_64
uname -s = Linux
uname -v = #1 SMP Mon Jul 17 16:32:11 UTC 2017

/usr/bin/uname -p = x86_64
/bin/uname -X     = unknown

/bin/arch              = x86_64
/usr/bin/arch -k       = unknown
/usr/convex/getsysinfo = unknown
/usr/bin/hostinfo      = unknown
/bin/machine           = unknown
/usr/bin/oslevel       = unknown
/bin/universe          = unknown

PATH: /usr/local/bin
PATH: /usr/local/sbin
PATH: /usr/bin
PATH: /usr/sbin
PATH: /home/morrisd/.local/bin
PATH: /home/morrisd/bin


## ----------- ##
## Core tests. ##
## ----------- ##

configure:1683: checking for x86_64-unknown-linux-gnu-gcc
configure:1710: result: sdcc-sdcc
configure:1988: checking for C compiler version
configure:1995: sdcc-sdcc --version >&5
SDCC : mcs51/z80/z180/r2k/r3ka/gbz80/tlcs90/ds390/pic16/pic14/TININative/ds400/hc08/s08/stm8 3.6.0 #9615 (Linux)
published under GNU General Public License (GPL)
configure:1998: $? = 0
configure:2005: sdcc-sdcc -v >&5
SDCC : mcs51/z80/z180/r2k/r3ka/gbz80/tlcs90/ds390/pic16/pic14/TININative/ds400/hc08/s08/stm8 3.6.0 #9615 (Linux)
published under GNU General Public License (GPL)
configure:2008: $? = 0
configure:2015: sdcc-sdcc -V >&5
SDCC : mcs51/z80/z180/r2k/r3ka/gbz80/tlcs90/ds390/pic16/pic14/TININative/ds400/hc08/s08/stm8 3.6.0 #9615 (Linux)
published under GNU General Public License (GPL)
Usage : sdcc [options] filename
Options :-

General options:
      --help                Display this help
  -v  --version             Display sdcc's version
      --verbose             Trace calls to the preprocessor, assembler, and linker
  -V                        Execute verbosely. Show sub commands as they are run
  -d                        
  -D                        Define macro as in -Dmacro
  -I                        Add to the include (*.h) path, as in -Ipath
  -A                        
  -U                        
  -M                        Preprocessor option
  -W                        Pass through options to the pre-processor (p), assembler (a) or linker (l)
  -S                        Compile only; do not assemble or link
  -c  --compile-only        Compile and assemble, but do not link
  -E  --preprocessonly      Preprocess only, do not compile
      --c1mode              Act in c1 mode.  The standard input is preprocessed code, the output is assembly code.
  -o                        Place the output into the given path resp. file
      --print-search-dirs   display the directories in the compiler's search path
      --vc                  messages are compatible with Micro$oft visual studio
      --use-stdout          send errors to stdout instead of stderr
      --nostdlib            Do not include the standard library directory in the search path
      --nostdinc            Do not include the standard include directory in the search path
      --less-pedantic       Disable some of the more pedantic warnings
      --disable-warning     <nnnn> Disable specific warning
      --Werror              Treat the warnings as errors
      --debug               Enable debugging symbol output
      --cyclomatic          Display complexity of compiled functions
      --std-c89             Use ISO C90 (aka ANSI C89) standard (slightly incomplete)
      --std-sdcc89          Use ISO C90 (aka ANSI C89) standard with SDCC extensions (default)
      --std-c95             Use ISO C95 (aka ISO C94) standard (slightly incomplete)
      --std-c99             Use ISO C99 standard (incomplete)
      --std-sdcc99          Use ISO C99 standard with SDCC extensions
      --std-c11             Use ISO C11 standard (incomplete)
      --std-sdcc11          Use ISO C11 standard with SDCC extensions
      --fdollars-in-identifiers  Permit '$' as an identifier character
      --fsigned-char        Make "char" signed by default
      --use-non-free        Search / include non-free licensed libraries and header files

Code generation options:
  -m                        Set the port to use e.g. -mz80.
  -p                        Select port specific processor e.g. -mpic14 -p16f84
      --model-small         internal data space is used (default)
      --model-medium        external paged data space is used
      --model-large         external data space is used
      --model-huge          functions are banked, data in external space
      --stack-auto          Stack automatic variables
      --xstack              Use external stack
      --int-long-reent      Use reentrant calls on the int and long support functions
      --float-reent         Use reentrant calls on the float support functions
      --xram-movc           Use movc instead of movx to read xram (xdata)
      --callee-saves        <func[,func,...]> Cause the called function to save registers instead of the caller
      --profile             On supported ports, generate extra profiling information
      --fomit-frame-pointer  Leave out the frame pointer.
      --all-callee-saves    callee will always save registers used
      --stack-probe         insert call to function __stack_probe at each function prologue
      --no-xinit-opt        don't memcpy initialized xram from code
      --no-c-code-in-asm    don't include c-code as comments in the asm file
      --no-peep-comments    don't include peephole optimizer comments
      --short-is-8bits      Make short 8 bits (for old times sake)
      --codeseg             <name> use this name for the code segment
      --constseg            <name> use this name for the const segment

Optimization options:
      --nooverlay           Disable overlaying leaf function auto variables
      --nogcse              Disable the GCSE optimisation
      --nolabelopt          Disable label optimisation
      --noinvariant         Disable optimisation of invariants
      --noinduction         Disable loop variable induction
      --nojtbound           Don't generate boundary check for jump tables
      --noloopreverse       Disable the loop reverse optimisation
      --no-peep             Disable the peephole assembly file optimisation
      --no-reg-params       On some ports, disable passing some parameters in registers
      --peep-asm            Enable peephole optimization on inline assembly
      --peep-return         Enable peephole optimization for return instructions
      --no-peep-return      Disable peephole optimization for return instructions
      --peep-file           <file> use this extra peephole file
      --opt-code-speed      Optimize for code speed rather than size
      --opt-code-size       Optimize for code size rather than speed
      --max-allocs-per-node  Maximum number of register assignments considered at each node of the tree decomposition
      --nolospre            Disable lospre
      --allow-unsafe-read   Allow optimizations to read any memory location anytime

Internal debugging options:
      --dump-ast            Dump front-end AST before generating i-code
      --dump-i-code         Dump the i-code structure at all stages
      --dump-graphs         Dump graphs (control-flow, conflict, etc)
      --i-code-in-asm       Include i-code as comments in the asm file
      --fverbose-asm        Include code generator comments in the asm output

Linker options:
  -l                        Include the given library in the link
  -L                        Add the next field to the library search path
      --lib-path            <path> use this path to search for libraries
      --out-fmt-ihx         Output in Intel hex format
      --out-fmt-s19         Output in S19 hex format
      --xram-loc            <nnnn> External Ram start location
      --xram-size           <nnnn> External Ram size
      --iram-size           <nnnn> Internal Ram size
      --xstack-loc          <nnnn> External Stack start location
      --code-loc            <nnnn> Code Segment Location
      --code-size           <nnnn> Code Segment size
      --stack-loc           <nnnn> Stack pointer initial value
      --data-loc            <nnnn> Direct data start location
      --idata-loc           
      --no-optsdcc-in-asm   Do not emit .optsdcc in asm

Special options for the mcs51 port:
      --stack-size          Tells the linker to allocate this space for stack
      --parms-in-bank1      use Bank1 for parameter passing
      --pack-iram           Tells the linker to pack variables in internal ram (default)
      --no-pack-iram        Deprecated: Tells the linker not to pack variables in internal ram
      --acall-ajmp          Use acall/ajmp instead of lcall/ljmp
      --no-ret-without-call  Do not use ret independent of acall/lcall

Special options for the z80 port:
      --callee-saves-bc     Force a called function to always save BC
      --portmode=           Determine PORT I/O mode (z80/z180)
      --asm=                Define assembler name (rgbds/asxxxx/isas/z80asm)
      --codeseg             <name> use this name for the code segment
      --constseg            <name> use this name for the const segment
      --no-std-crt0         For the z80/gbz80 do not link default crt0.rel
      --reserve-regs-iy     Do not use IY (incompatible with --fomit-frame-pointer)
      --oldralloc           Use old register allocator
      --fno-omit-frame-pointer  Do not omit frame pointer
      --emit-externs        Emit externs list in generated asm

Special options for the z180 port:
      --callee-saves-bc     Force a called function to always save BC
      --portmode=           Determine PORT I/O mode (z80/z180)
      --asm=                Define assembler name (rgbds/asxxxx/isas/z80asm)
      --codeseg             <name> use this name for the code segment
      --constseg            <name> use this name for the const segment
      --no-std-crt0         For the z80/gbz80 do not link default crt0.rel
      --reserve-regs-iy     Do not use IY (incompatible with --fomit-frame-pointer)
      --oldralloc           Use old register allocator
      --fno-omit-frame-pointer  Do not omit frame pointer
      --emit-externs        Emit externs list in generated asm

Special options for the r2k port:
      --callee-saves-bc     Force a called function to always save BC
      --portmode=           Determine PORT I/O mode (z80/z180)
      --asm=                Define assembler name (rgbds/asxxxx/isas/z80asm)
      --codeseg             <name> use this name for the code segment
      --constseg            <name> use this name for the const segment
      --no-std-crt0         For the z80/gbz80 do not link default crt0.rel
      --reserve-regs-iy     Do not use IY (incompatible with --fomit-frame-pointer)
      --oldralloc           Use old register allocator
      --fno-omit-frame-pointer  Do not omit frame pointer
      --emit-externs        Emit externs list in generated asm

Special options for the r3ka port:
      --callee-saves-bc     Force a called function to always save BC
      --portmode=           Determine PORT I/O mode (z80/z180)
      --asm=                Define assembler name (rgbds/asxxxx/isas/z80asm)
      --codeseg             <name> use this name for the code segment
      --constseg            <name> use this name for the const segment
      --no-std-crt0         For the z80/gbz80 do not link default crt0.rel
      --reserve-regs-iy     Do not use IY (incompatible with --fomit-frame-pointer)
      --oldralloc           Use old register allocator
      --fno-omit-frame-pointer  Do not omit frame pointer
      --emit-externs        Emit externs list in generated asm

Special options for the gbz80 port:
      -bo                   <num> use code bank <num>
      -ba                   <num> use data bank <num>
      --callee-saves-bc     Force a called function to always save BC
      --codeseg             <name> use this name for the code segment
      --constseg            <name> use this name for the const segment
      --no-std-crt0         For the z80/gbz80 do not link default crt0.rel

Special options for the tlcs90 port:
      --callee-saves-bc     Force a called function to always save BC
      --portmode=           Determine PORT I/O mode (z80/z180)
      --asm=                Define assembler name (rgbds/asxxxx/isas/z80asm)
      --codeseg             <name> use this name for the code segment
      --constseg            <name> use this name for the const segment
      --no-std-crt0         For the z80/gbz80 do not link default crt0.rel
      --reserve-regs-iy     Do not use IY (incompatible with --fomit-frame-pointer)
      --oldralloc           Use old register allocator
      --fno-omit-frame-pointer  Do not omit frame pointer
      --emit-externs        Emit externs list in generated asm

Special options for the ds390 port:
      --model-flat24        use the flat24 model for the ds390 (default)
      --stack-8bit          use the 8bit stack for the ds390 (not supported yet)
      --stack-size          Tells the linker to allocate this space for stack
      --pack-iram           Tells the linker to pack variables in internal ram (default)
      --no-pack-iram        Deprecated: Tells the linker not to pack variables in internal ram
      --stack-10bit         use the 10bit stack for ds390 (default)
      --use-accelerator     generate code for ds390 arithmetic accelerator
      --protect-sp-update   will disable interrupts during ESP:SP updates
      --parms-in-bank1      use Bank1 for parameter passing

Special options for the pic16 port:
      --pstack-model=       use stack model 'small' (default) or 'large'
  -y  --extended            enable Extended Instruction Set/Literal Offset Addressing mode
      --pno-banksel         do not generate BANKSEL assembler directives
      --obanksel=           set banksel optimization level (default=0 no)
      --denable-peeps       explicit enable of peepholes
      --no-optimize-goto    do NOT use (conditional) BRA instead of GOTO
      --optimize-cmp        try to optimize some compares
      --optimize-df         thoroughly analyze data flow (memory and time intensive!)
      --asm=                Use alternative assembler
      --mplab-comp          enable compatibility mode for MPLAB utilities (MPASM/MPLINK)
      --link=               Use alternative linker
      --preplace-udata-with=  Place udata variables at another section: udata_acs, udata_ovr, udata_shr
      --ivt-loc=            Set address of interrupt vector table.
      --nodefaultlibs       do not link default libraries when linking
      --use-crt=            use <crt-o> run-time initialization module
      --no-crt              do not link any default run-time initialization module
      --debug-xtra          show more debug info in assembly output
      --debug-ralloc        dump register allocator debug file *.d
      --pcode-verbose       dump pcode related info
      --calltree            dump call tree in .calltree file
      --gstack              trace stack pointer push/pop to overflow
      --no-warn-non-free    suppress warning on absent --use-non-free option

Special options for the pic14 port:
      --debug-xtra          show more debug info in assembly output
      --no-pcode-opt        disable (slightly faulty) optimization on pCode
      --stack-size          sets the size if the argument passing stack (default: 16, minimum: 4)
      --no-extended-instructions  forbid use of the extended instruction set (e.g., ADDFSR)
      --no-warn-non-free    suppress warning on absent --use-non-free option

Special options for the TININative port:
      --model-flat24        use the flat24 model for the ds390 (default)
      --stack-8bit          use the 8bit stack for the ds390 (not supported yet)
      --stack-size          Tells the linker to allocate this space for stack
      --pack-iram           Tells the linker to pack variables in internal ram (default)
      --no-pack-iram        Deprecated: Tells the linker not to pack variables in internal ram
      --stack-10bit         use the 10bit stack for ds390 (default)
      --use-accelerator     generate code for ds390 arithmetic accelerator
      --protect-sp-update   will disable interrupts during ESP:SP updates
      --parms-in-bank1      use Bank1 for parameter passing
      --tini-libid          <nnnn> LibraryID used in -mTININative

Special options for the ds400 port:
      --model-flat24        use the flat24 model for the ds400 (default)
      --stack-8bit          use the 8bit stack for the ds400 (not supported yet)
      --stack-size          Tells the linker to allocate this space for stack
      --pack-iram           Tells the linker to pack variables in internal ram (default)
      --no-pack-iram        Deprecated: Tells the linker not to pack variables in internal ram
      --stack-10bit         use the 10bit stack for ds400 (default)
      --use-accelerator     generate code for ds400 arithmetic accelerator
      --protect-sp-update   will disable interrupts during ESP:SP updates
      --parms-in-bank1      use Bank1 for parameter passing

Special options for the hc08 port:
      --out-fmt-elf         Output executable in ELF format
      --oldralloc           Use old register allocator

Special options for the s08 port:
      --out-fmt-elf         Output executable in ELF format
      --oldralloc           Use old register allocator

Special options for the stm8 port:
      --codeseg             <name> use this name for the code segment
      --constseg            <name> use this name for the const segment
      --out-fmt-elf         Output executable in ELF format
configure:2018: $? = 1
configure:2041: checking for C compiler default output file name
configure:2068: sdcc-sdcc -I../../src/include -mz80 -D__SDCC__=1   conftest.c  >&5
configure:2071: $? = 0
configure:2117: result: conftest.asm
configure:2122: checking whether the C compiler works
configure:2132: ./conftest.asm
./configure: line 2133: ./conftest.asm: Permission denied
configure:2135: $? = 126
configure:2152: result: yes
configure:2159: checking whether we are cross compiling
configure:2161: result: yes
configure:2164: checking for suffix of executables
configure:2171: sdcc-sdcc -o conftest.asm -I../../src/include -mz80 -D__SDCC__=1   conftest.c  >&5
configure:2174: $? = 0
configure:2198: result: .asm
configure:2204: checking for suffix of object files
configure:2230: sdcc-sdcc -c -I../../src/include -mz80 -D__SDCC__=1  conftest.c >&5
configure:2233: $? = 0
configure:2256: result: asm
configure:2260: checking whether we are using the GNU C compiler
configure:2289: sdcc-sdcc -c -I../../src/include -mz80 -D__SDCC__=1  conftest.c >&5
conftest.c:14: syntax error: token -> 'me' ; column 15
configure:2295: $? = 1
configure: failed program was:
| /* confdefs.h.  */
| #define PACKAGE_NAME ""
| #define PACKAGE_TARNAME ""
| #define PACKAGE_VERSION ""
| #define PACKAGE_STRING ""
| #define PACKAGE_BUGREPORT ""
| #define _GNU_SOURCE 1
| /* end confdefs.h.  */
| 
| int
| main ()
| {
| #ifndef __GNUC__
|        choke me
| #endif
| 
|   ;
|   return 0;
| }
configure:2329: result: no
configure:2334: checking whether sdcc-sdcc accepts -g
configure:2364: sdcc-sdcc -c -g  conftest.c >&5
at 1: warning 117: unknown compiler option '-g' ignored
configure:2370: $? = 0
configure:2377: test -z "$ac_c_werror_flag" || test ! -s conftest.err
configure:2380: $? = 1
configure: failed program was:
| /* confdefs.h.  */
| #define PACKAGE_NAME ""
| #define PACKAGE_TARNAME ""
| #define PACKAGE_VERSION ""
| #define PACKAGE_STRING ""
| #define PACKAGE_BUGREPORT ""
| #define _GNU_SOURCE 1
| /* end confdefs.h.  */
| 
| int
| main ()
| {
| 
|   ;
|   return 0;
| }
configure:2419: sdcc-sdcc -c   conftest.c >&5
configure:2425: $? = 0
configure:2432: test -z "$ac_c_werror_flag" || test ! -s conftest.err
configure:2435: $? = 0
configure:2442: test -s conftest.asm
configure:2445: $? = 0
configure:2520: result: no
configure:2537: checking for sdcc-sdcc option to accept ISO C89
configure:2611: sdcc-sdcc  -c -I../../src/include -mz80 -D__SDCC__=1  conftest.c >&5
conftest.c:16: error 7: Old style C declaration. IGNORED 'e'
Caught signal 11: SIGSEGV
configure:2617: $? = 1
configure: failed program was:
| /* confdefs.h.  */
| #define PACKAGE_NAME ""
| #define PACKAGE_TARNAME ""
| #define PACKAGE_VERSION ""
| #define PACKAGE_STRING ""
| #define PACKAGE_BUGREPORT ""
| #define _GNU_SOURCE 1
| /* end confdefs.h.  */
| #include <stdarg.h>
| #include <stdio.h>
| #include <sys/types.h>
| #include <sys/stat.h>
| /* Most of the following tests are stolen from RCS 5.7's src/conf.sh.  */
| struct buf { int x; };
| FILE * (*rcsopen) (struct buf *, struct stat *, int);
| static char *e (p, i)
|      char **p;
|      int i;
| {
|   return p[i];
| }
| static char *f (char * (*g) (char **, int), char **p, ...)
| {
|   char *s;
|   va_list v;
|   va_start (v,p);
|   s = g (p, va_arg (v,int));
|   va_end (v);
|   return s;
| }
| 
| /* OSF 4.0 Compaq cc is some sort of almost-ANSI by default.  It has
|    function prototypes and stuff, but not '\xHH' hex character constants.
|    These don't provoke an error unfortunately, instead are silently treated
|    as 'x'.  The following induces an error, until -std is added to get
|    proper ANSI mode.  Curiously '\x00'!='x' always comes out true, for an
|    array size at least.  It's necessary to write '\x00'==0 to get something
|    that's true only with -std.  */
| int osf4_cc_array ['\x00' == 0 ? 1 : -1];
| 
| /* IBM C 6 for AIX is almost-ANSI by default, but it replaces macro parameters
|    inside strings and character constants.  */
| #define FOO(x) 'x'
| int xlc6_cc_array[FOO(a) == 'x' ? 1 : -1];
| 
| int test (int i, double x);
| struct s1 {int (*f) (int a);};
| struct s2 {int (*f) (double a);};
| int pairnames (int, char **, FILE *(*)(struct buf *, struct stat *, int), int, int);
| int argc;
| char **argv;
| int
| main ()
| {
| return f (e, argv, 0) != argv[0]  ||  f (e, argv, 1) != argv[1];
|   ;
|   return 0;
| }
configure:2611: sdcc-sdcc -qlanglvl=extc89 -c -I../../src/include -mz80 -D__SDCC__=1  conftest.c >&5
at 1: warning 117: unknown compiler option '-qlanglvl=extc89' ignored
conftest.c:16: error 7: Old style C declaration. IGNORED 'e'
Caught signal 11: SIGSEGV
configure:2617: $? = 1
configure: failed program was:
| /* confdefs.h.  */
| #define PACKAGE_NAME ""
| #define PACKAGE_TARNAME ""
| #define PACKAGE_VERSION ""
| #define PACKAGE_STRING ""
| #define PACKAGE_BUGREPORT ""
| #define _GNU_SOURCE 1
| /* end confdefs.h.  */
| #include <stdarg.h>
| #include <stdio.h>
| #include <sys/types.h>
| #include <sys/stat.h>
| /* Most of the following tests are stolen from RCS 5.7's src/conf.sh.  */
| struct buf { int x; };
| FILE * (*rcsopen) (struct buf *, struct stat *, int);
| static char *e (p, i)
|      char **p;
|      int i;
| {
|   return p[i];
| }
| static char *f (char * (*g) (char **, int), char **p, ...)
| {
|   char *s;
|   va_list v;
|   va_start (v,p);
|   s = g (p, va_arg (v,int));
|   va_end (v);
|   return s;
| }
| 
| /* OSF 4.0 Compaq cc is some sort of almost-ANSI by default.  It has
|    function prototypes and stuff, but not '\xHH' hex character constants.
|    These don't provoke an error unfortunately, instead are silently treated
|    as 'x'.  The following induces an error, until -std is added to get
|    proper ANSI mode.  Curiously '\x00'!='x' always comes out true, for an
|    array size at least.  It's necessary to write '\x00'==0 to get something
|    that's true only with -std.  */
| int osf4_cc_array ['\x00' == 0 ? 1 : -1];
| 
| /* IBM C 6 for AIX is almost-ANSI by default, but it replaces macro parameters
|    inside strings and character constants.  */
| #define FOO(x) 'x'
| int xlc6_cc_array[FOO(a) == 'x' ? 1 : -1];
| 
| int test (int i, double x);
| struct s1 {int (*f) (int a);};
| struct s2 {int (*f) (double a);};
| int pairnames (int, char **, FILE *(*)(struct buf *, struct stat *, int), int, int);
| int argc;
| char **argv;
| int
| main ()
| {
| return f (e, argv, 0) != argv[0]  ||  f (e, argv, 1) != argv[1];
|   ;
|   return 0;
| }
configure:2611: sdcc-sdcc -qlanglvl=ansi -c -I../../src/include -mz80 -D__SDCC__=1  conftest.c >&5
at 1: warning 117: unknown compiler option '-qlanglvl=ansi' ignored
conftest.c:16: error 7: Old style C declaration. IGNORED 'e'
Caught signal 11: SIGSEGV
configure:2617: $? = 1
configure: failed program was:
| /* confdefs.h.  */
| #define PACKAGE_NAME ""
| #define PACKAGE_TARNAME ""
| #define PACKAGE_VERSION ""
| #define PACKAGE_STRING ""
| #define PACKAGE_BUGREPORT ""
| #define _GNU_SOURCE 1
| /* end confdefs.h.  */
| #include <stdarg.h>
| #include <stdio.h>
| #include <sys/types.h>
| #include <sys/stat.h>
| /* Most of the following tests are stolen from RCS 5.7's src/conf.sh.  */
| struct buf { int x; };
| FILE * (*rcsopen) (struct buf *, struct stat *, int);
| static char *e (p, i)
|      char **p;
|      int i;
| {
|   return p[i];
| }
| static char *f (char * (*g) (char **, int), char **p, ...)
| {
|   char *s;
|   va_list v;
|   va_start (v,p);
|   s = g (p, va_arg (v,int));
|   va_end (v);
|   return s;
| }
| 
| /* OSF 4.0 Compaq cc is some sort of almost-ANSI by default.  It has
|    function prototypes and stuff, but not '\xHH' hex character constants.
|    These don't provoke an error unfortunately, instead are silently treated
|    as 'x'.  The following induces an error, until -std is added to get
|    proper ANSI mode.  Curiously '\x00'!='x' always comes out true, for an
|    array size at least.  It's necessary to write '\x00'==0 to get something
|    that's true only with -std.  */
| int osf4_cc_array ['\x00' == 0 ? 1 : -1];
| 
| /* IBM C 6 for AIX is almost-ANSI by default, but it replaces macro parameters
|    inside strings and character constants.  */
| #define FOO(x) 'x'
| int xlc6_cc_array[FOO(a) == 'x' ? 1 : -1];
| 
| int test (int i, double x);
| struct s1 {int (*f) (int a);};
| struct s2 {int (*f) (double a);};
| int pairnames (int, char **, FILE *(*)(struct buf *, struct stat *, int), int, int);
| int argc;
| char **argv;
| int
| main ()
| {
| return f (e, argv, 0) != argv[0]  ||  f (e, argv, 1) != argv[1];
|   ;
|   return 0;
| }
configure:2611: sdcc-sdcc -std -c -I../../src/include -mz80 -D__SDCC__=1  conftest.c >&5
at 1: warning 118: option '-s' no longer supported  'use --code-loc instead' 
conftest.c:16: error 7: Old style C declaration. IGNORED 'e'
Caught signal 11: SIGSEGV
configure:2617: $? = 1
configure: failed program was:
| /* confdefs.h.  */
| #define PACKAGE_NAME ""
| #define PACKAGE_TARNAME ""
| #define PACKAGE_VERSION ""
| #define PACKAGE_STRING ""
| #define PACKAGE_BUGREPORT ""
| #define _GNU_SOURCE 1
| /* end confdefs.h.  */
| #include <stdarg.h>
| #include <stdio.h>
| #include <sys/types.h>
| #include <sys/stat.h>
| /* Most of the following tests are stolen from RCS 5.7's src/conf.sh.  */
| struct buf { int x; };
| FILE * (*rcsopen) (struct buf *, struct stat *, int);
| static char *e (p, i)
|      char **p;
|      int i;
| {
|   return p[i];
| }
| static char *f (char * (*g) (char **, int), char **p, ...)
| {
|   char *s;
|   va_list v;
|   va_start (v,p);
|   s = g (p, va_arg (v,int));
|   va_end (v);
|   return s;
| }
| 
| /* OSF 4.0 Compaq cc is some sort of almost-ANSI by default.  It has
|    function prototypes and stuff, but not '\xHH' hex character constants.
|    These don't provoke an error unfortunately, instead are silently treated
|    as 'x'.  The following induces an error, until -std is added to get
|    proper ANSI mode.  Curiously '\x00'!='x' always comes out true, for an
|    array size at least.  It's necessary to write '\x00'==0 to get something
|    that's true only with -std.  */
| int osf4_cc_array ['\x00' == 0 ? 1 : -1];
| 
| /* IBM C 6 for AIX is almost-ANSI by default, but it replaces macro parameters
|    inside strings and character constants.  */
| #define FOO(x) 'x'
| int xlc6_cc_array[FOO(a) == 'x' ? 1 : -1];
| 
| int test (int i, double x);
| struct s1 {int (*f) (int a);};
| struct s2 {int (*f) (double a);};
| int pairnames (int, char **, FILE *(*)(struct buf *, struct stat *, int), int, int);
| int argc;
| char **argv;
| int
| main ()
| {
| return f (e, argv, 0) != argv[0]  ||  f (e, argv, 1) != argv[1];
|   ;
|   return 0;
| }
configure:2611: sdcc-sdcc -Ae -c -I../../src/include -mz80 -D__SDCC__=1  conftest.c >&5
<command line>:1:1: error: missing '(' after predicate
conftest.c:16: error 7: Old style C declaration. IGNORED 'e'
Caught signal 11: SIGSEGV
configure:2617: $? = 1
configure: failed program was:
| /* confdefs.h.  */
| #define PACKAGE_NAME ""
| #define PACKAGE_TARNAME ""
| #define PACKAGE_VERSION ""
| #define PACKAGE_STRING ""
| #define PACKAGE_BUGREPORT ""
| #define _GNU_SOURCE 1
| /* end confdefs.h.  */
| #include <stdarg.h>
| #include <stdio.h>
| #include <sys/types.h>
| #include <sys/stat.h>
| /* Most of the following tests are stolen from RCS 5.7's src/conf.sh.  */
| struct buf { int x; };
| FILE * (*rcsopen) (struct buf *, struct stat *, int);
| static char *e (p, i)
|      char **p;
|      int i;
| {
|   return p[i];
| }
| static char *f (char * (*g) (char **, int), char **p, ...)
| {
|   char *s;
|   va_list v;
|   va_start (v,p);
|   s = g (p, va_arg (v,int));
|   va_end (v);
|   return s;
| }
| 
| /* OSF 4.0 Compaq cc is some sort of almost-ANSI by default.  It has
|    function prototypes and stuff, but not '\xHH' hex character constants.
|    These don't provoke an error unfortunately, instead are silently treated
|    as 'x'.  The following induces an error, until -std is added to get
|    proper ANSI mode.  Curiously '\x00'!='x' always comes out true, for an
|    array size at least.  It's necessary to write '\x00'==0 to get something
|    that's true only with -std.  */
| int osf4_cc_array ['\x00' == 0 ? 1 : -1];
| 
| /* IBM C 6 for AIX is almost-ANSI by default, but it replaces macro parameters
|    inside strings and character constants.  */
| #define FOO(x) 'x'
| int xlc6_cc_array[FOO(a) == 'x' ? 1 : -1];
| 
| int test (int i, double x);
| struct s1 {int (*f) (int a);};
| struct s2 {int (*f) (double a);};
| int pairnames (int, char **, FILE *(*)(struct buf *, struct stat *, int), int, int);
| int argc;
| char **argv;
| int
| main ()
| {
| return f (e, argv, 0) != argv[0]  ||  f (e, argv, 1) != argv[1];
|   ;
|   return 0;
| }
configure:2611: sdcc-sdcc -Aa -D_HPUX_SOURCE -c -I../../src/include -mz80 -D__SDCC__=1  conftest.c >&5
<command line>:1:1: error: missing '(' after predicate
conftest.c:16: error 7: Old style C declaration. IGNORED 'e'
Caught signal 11: SIGSEGV
configure:2617: $? = 1
configure: failed program was:
| /* confdefs.h.  */
| #define PACKAGE_NAME ""
| #define PACKAGE_TARNAME ""
| #define PACKAGE_VERSION ""
| #define PACKAGE_STRING ""
| #define PACKAGE_BUGREPORT ""
| #define _GNU_SOURCE 1
| /* end confdefs.h.  */
| #include <stdarg.h>
| #include <stdio.h>
| #include <sys/types.h>
| #include <sys/stat.h>
| /* Most of the following tests are stolen from RCS 5.7's src/conf.sh.  */
| struct buf { int x; };
| FILE * (*rcsopen) (struct buf *, struct stat *, int);
| static char *e (p, i)
|      char **p;
|      int i;
| {
|   return p[i];
| }
| static char *f (char * (*g) (char **, int), char **p, ...)
| {
|   char *s;
|   va_list v;
|   va_start (v,p);
|   s = g (p, va_arg (v,int));
|   va_end (v);
|   return s;
| }
| 
| /* OSF 4.0 Compaq cc is some sort of almost-ANSI by default.  It has
|    function prototypes and stuff, but not '\xHH' hex character constants.
|    These don't provoke an error unfortunately, instead are silently treated
|    as 'x'.  The following induces an error, until -std is added to get
|    proper ANSI mode.  Curiously '\x00'!='x' always comes out true, for an
|    array size at least.  It's necessary to write '\x00'==0 to get something
|    that's true only with -std.  */
| int osf4_cc_array ['\x00' == 0 ? 1 : -1];
| 
| /* IBM C 6 for AIX is almost-ANSI by default, but it replaces macro parameters
|    inside strings and character constants.  */
| #define FOO(x) 'x'
| int xlc6_cc_array[FOO(a) == 'x' ? 1 : -1];
| 
| int test (int i, double x);
| struct s1 {int (*f) (int a);};
| struct s2 {int (*f) (double a);};
| int pairnames (int, char **, FILE *(*)(struct buf *, struct stat *, int), int, int);
| int argc;
| char **argv;
| int
| main ()
| {
| return f (e, argv, 0) != argv[0]  ||  f (e, argv, 1) != argv[1];
|   ;
|   return 0;
| }
configure:2611: sdcc-sdcc -Xc -D__EXTENSIONS__ -c -I../../src/include -mz80 -D__SDCC__=1  conftest.c >&5
at 1: warning 118: option '-X' no longer supported  'use --xstack-loc instead' 
conftest.c:16: error 7: Old style C declaration. IGNORED 'e'
Caught signal 11: SIGSEGV
configure:2617: $? = 1
configure: failed program was:
| /* confdefs.h.  */
| #define PACKAGE_NAME ""
| #define PACKAGE_TARNAME ""
| #define PACKAGE_VERSION ""
| #define PACKAGE_STRING ""
| #define PACKAGE_BUGREPORT ""
| #define _GNU_SOURCE 1
| /* end confdefs.h.  */
| #include <stdarg.h>
| #include <stdio.h>
| #include <sys/types.h>
| #include <sys/stat.h>
| /* Most of the following tests are stolen from RCS 5.7's src/conf.sh.  */
| struct buf { int x; };
| FILE * (*rcsopen) (struct buf *, struct stat *, int);
| static char *e (p, i)
|      char **p;
|      int i;
| {
|   return p[i];
| }
| static char *f (char * (*g) (char **, int), char **p, ...)
| {
|   char *s;
|   va_list v;
|   va_start (v,p);
|   s = g (p, va_arg (v,int));
|   va_end (v);
|   return s;
| }
| 
| /* OSF 4.0 Compaq cc is some sort of almost-ANSI by default.  It has
|    function prototypes and stuff, but not '\xHH' hex character constants.
|    These don't provoke an error unfortunately, instead are silently treated
|    as 'x'.  The following induces an error, until -std is added to get
|    proper ANSI mode.  Curiously '\x00'!='x' always comes out true, for an
|    array size at least.  It's necessary to write '\x00'==0 to get something
|    that's true only with -std.  */
| int osf4_cc_array ['\x00' == 0 ? 1 : -1];
| 
| /* IBM C 6 for AIX is almost-ANSI by default, but it replaces macro parameters
|    inside strings and character constants.  */
| #define FOO(x) 'x'
| int xlc6_cc_array[FOO(a) == 'x' ? 1 : -1];
| 
| int test (int i, double x);
| struct s1 {int (*f) (int a);};
| struct s2 {int (*f) (double a);};
| int pairnames (int, char **, FILE *(*)(struct buf *, struct stat *, int), int, int);
| int argc;
| char **argv;
| int
| main ()
| {
| return f (e, argv, 0) != argv[0]  ||  f (e, argv, 1) != argv[1];
|   ;
|   return 0;
| }
configure:2660: result: unsupported
configure:2683: checking for special C compiler options needed for large files
configure:2723: sdcc-sdcc -c -I../../src/include -mz80 -D__SDCC__=1  conftest.c >&5
conftest.c:15: syntax error: token -> '1' ; column 33
configure:2729: $? = 1
configure: failed program was:
| /* confdefs.h.  */
| #define PACKAGE_NAME ""
| #define PACKAGE_TARNAME ""
| #define PACKAGE_VERSION ""
| #define PACKAGE_STRING ""
| #define PACKAGE_BUGREPORT ""
| #define _GNU_SOURCE 1
| /* end confdefs.h.  */
| #include <sys/types.h>
|  /* Check that off_t can represent 2**63 - 1 correctly.
|     We can't simply define LARGE_OFF_T to be 9223372036854775807,
|     since some C++ compilers masquerading as C compilers
|     incorrectly reject 9223372036854775807.  */
| #define LARGE_OFF_T (((off_t) 1 << 62) - 1 + ((off_t) 1 << 62))
|   int off_t_is_large[(LARGE_OFF_T % 2147483629 == 721
| 		       && LARGE_OFF_T % 2147483647 == 1)
| 		      ? 1 : -1];
| int
| main ()
| {
| 
|   ;
|   return 0;
| }
configure:2767: sdcc-sdcc -n32 -c -I../../src/include -mz80 -D__SDCC__=1  conftest.c >&5
at 1: warning 117: unknown compiler option '-n32' ignored
conftest.c:15: syntax error: token -> '1' ; column 33
configure:2773: $? = 1
configure: failed program was:
| /* confdefs.h.  */
| #define PACKAGE_NAME ""
| #define PACKAGE_TARNAME ""
| #define PACKAGE_VERSION ""
| #define PACKAGE_STRING ""
| #define PACKAGE_BUGREPORT ""
| #define _GNU_SOURCE 1
| /* end confdefs.h.  */
| #include <sys/types.h>
|  /* Check that off_t can represent 2**63 - 1 correctly.
|     We can't simply define LARGE_OFF_T to be 9223372036854775807,
|     since some C++ compilers masquerading as C compilers
|     incorrectly reject 9223372036854775807.  */
| #define LARGE_OFF_T (((off_t) 1 << 62) - 1 + ((off_t) 1 << 62))
|   int off_t_is_large[(LARGE_OFF_T % 2147483629 == 721
| 		       && LARGE_OFF_T % 2147483647 == 1)
| 		      ? 1 : -1];
| int
| main ()
| {
| 
|   ;
|   return 0;
| }
configure:2810: result: no
configure:2816: checking for _FILE_OFFSET_BITS value needed for large files
configure:2852: sdcc-sdcc -c -I../../src/include -mz80 -D__SDCC__=1  conftest.c >&5
conftest.c:15: syntax error: token -> '1' ; column 33
configure:2858: $? = 1
configure: failed program was:
| /* confdefs.h.  */
| #define PACKAGE_NAME ""
| #define PACKAGE_TARNAME ""
| #define PACKAGE_VERSION ""
| #define PACKAGE_STRING ""
| #define PACKAGE_BUGREPORT ""
| #define _GNU_SOURCE 1
| /* end confdefs.h.  */
| #include <sys/types.h>
|  /* Check that off_t can represent 2**63 - 1 correctly.
|     We can't simply define LARGE_OFF_T to be 9223372036854775807,
|     since some C++ compilers masquerading as C compilers
|     incorrectly reject 9223372036854775807.  */
| #define LARGE_OFF_T (((off_t) 1 << 62) - 1 + ((off_t) 1 << 62))
|   int off_t_is_large[(LARGE_OFF_T % 2147483629 == 721
| 		       && LARGE_OFF_T % 2147483647 == 1)
| 		      ? 1 : -1];
| int
| main ()
| {
| 
|   ;
|   return 0;
| }
configure:2919: sdcc-sdcc -c -I../../src/include -mz80 -D__SDCC__=1  conftest.c >&5
conftest.c:16: syntax error: token -> '1' ; column 33
configure:2925: $? = 1
configure: failed program was:
| /* confdefs.h.  */
| #define PACKAGE_NAME ""
| #define PACKAGE_TARNAME ""
| #define PACKAGE_VERSION ""
| #define PACKAGE_STRING ""
| #define PACKAGE_BUGREPORT ""
| #define _GNU_SOURCE 1
| /* end confdefs.h.  */
| #define _FILE_OFFSET_BITS 64
| #include <sys/types.h>
|  /* Check that off_t can represent 2**63 - 1 correctly.
|     We can't simply define LARGE_OFF_T to be 9223372036854775807,
|     since some C++ compilers masquerading as C compilers
|     incorrectly reject 9223372036854775807.  */
| #define LARGE_OFF_T (((off_t) 1 << 62) - 1 + ((off_t) 1 << 62))
|   int off_t_is_large[(LARGE_OFF_T % 2147483629 == 721
| 		       && LARGE_OFF_T % 2147483647 == 1)
| 		      ? 1 : -1];
| int
| main ()
| {
| 
|   ;
|   return 0;
| }
configure:2959: result: no
configure:2969: checking for _LARGE_FILES value needed for large files
configure:3005: sdcc-sdcc -c -I../../src/include -mz80 -D__SDCC__=1  conftest.c >&5
conftest.c:15: syntax error: token -> '1' ; column 33
configure:3011: $? = 1
configure: failed program was:
| /* confdefs.h.  */
| #define PACKAGE_NAME ""
| #define PACKAGE_TARNAME ""
| #define PACKAGE_VERSION ""
| #define PACKAGE_STRING ""
| #define PACKAGE_BUGREPORT ""
| #define _GNU_SOURCE 1
| /* end confdefs.h.  */
| #include <sys/types.h>
|  /* Check that off_t can represent 2**63 - 1 correctly.
|     We can't simply define LARGE_OFF_T to be 9223372036854775807,
|     since some C++ compilers masquerading as C compilers
|     incorrectly reject 9223372036854775807.  */
| #define LARGE_OFF_T (((off_t) 1 << 62) - 1 + ((off_t) 1 << 62))
|   int off_t_is_large[(LARGE_OFF_T % 2147483629 == 721
| 		       && LARGE_OFF_T % 2147483647 == 1)
| 		      ? 1 : -1];
| int
| main ()
| {
| 
|   ;
|   return 0;
| }
configure:3072: sdcc-sdcc -c -I../../src/include -mz80 -D__SDCC__=1  conftest.c >&5
conftest.c:16: syntax error: token -> '1' ; column 33
configure:3078: $? = 1
configure: failed program was:
| /* confdefs.h.  */
| #define PACKAGE_NAME ""
| #define PACKAGE_TARNAME ""
| #define PACKAGE_VERSION ""
| #define PACKAGE_STRING ""
| #define PACKAGE_BUGREPORT ""
| #define _GNU_SOURCE 1
| /* end confdefs.h.  */
| #define _LARGE_FILES 1
| #include <sys/types.h>
|  /* Check that off_t can represent 2**63 - 1 correctly.
|     We can't simply define LARGE_OFF_T to be 9223372036854775807,
|     since some C++ compilers masquerading as C compilers
|     incorrectly reject 9223372036854775807.  */
| #define LARGE_OFF_T (((off_t) 1 << 62) - 1 + ((off_t) 1 << 62))
|   int off_t_is_large[(LARGE_OFF_T % 2147483629 == 721
| 		       && LARGE_OFF_T % 2147483647 == 1)
| 		      ? 1 : -1];
| int
| main ()
| {
| 
|   ;
|   return 0;
| }
configure:3112: result: no
configure:3132: checking for x86_64-unknown-linux-gnu-gcc
configure:3159: result: sdcc-sdcc
configure:3437: checking for C compiler version
configure:3444: sdcc-sdcc --version >&5
SDCC : mcs51/z80/z180/r2k/r3ka/gbz80/tlcs90/ds390/pic16/pic14/TININative/ds400/hc08/s08/stm8 3.6.0 #9615 (Linux)
published under GNU General Public License (GPL)
configure:3447: $? = 0
configure:3454: sdcc-sdcc -v >&5
SDCC : mcs51/z80/z180/r2k/r3ka/gbz80/tlcs90/ds390/pic16/pic14/TININative/ds400/hc08/s08/stm8 3.6.0 #9615 (Linux)
published under GNU General Public License (GPL)
configure:3457: $? = 0
configure:3464: sdcc-sdcc -V >&5
SDCC : mcs51/z80/z180/r2k/r3ka/gbz80/tlcs90/ds390/pic16/pic14/TININative/ds400/hc08/s08/stm8 3.6.0 #9615 (Linux)
published under GNU General Public License (GPL)
Usage : sdcc [options] filename
Options :-

General options:
      --help                Display this help
  -v  --version             Display sdcc's version
      --verbose             Trace calls to the preprocessor, assembler, and linker
  -V                        Execute verbosely. Show sub commands as they are run
  -d                        
  -D                        Define macro as in -Dmacro
  -I                        Add to the include (*.h) path, as in -Ipath
  -A                        
  -U                        
  -M                        Preprocessor option
  -W                        Pass through options to the pre-processor (p), assembler (a) or linker (l)
  -S                        Compile only; do not assemble or link
  -c  --compile-only        Compile and assemble, but do not link
  -E  --preprocessonly      Preprocess only, do not compile
      --c1mode              Act in c1 mode.  The standard input is preprocessed code, the output is assembly code.
  -o                        Place the output into the given path resp. file
      --print-search-dirs   display the directories in the compiler's search path
      --vc                  messages are compatible with Micro$oft visual studio
      --use-stdout          send errors to stdout instead of stderr
      --nostdlib            Do not include the standard library directory in the search path
      --nostdinc            Do not include the standard include directory in the search path
      --less-pedantic       Disable some of the more pedantic warnings
      --disable-warning     <nnnn> Disable specific warning
      --Werror              Treat the warnings as errors
      --debug               Enable debugging symbol output
      --cyclomatic          Display complexity of compiled functions
      --std-c89             Use ISO C90 (aka ANSI C89) standard (slightly incomplete)
      --std-sdcc89          Use ISO C90 (aka ANSI C89) standard with SDCC extensions (default)
      --std-c95             Use ISO C95 (aka ISO C94) standard (slightly incomplete)
      --std-c99             Use ISO C99 standard (incomplete)
      --std-sdcc99          Use ISO C99 standard with SDCC extensions
      --std-c11             Use ISO C11 standard (incomplete)
      --std-sdcc11          Use ISO C11 standard with SDCC extensions
      --fdollars-in-identifiers  Permit '$' as an identifier character
      --fsigned-char        Make "char" signed by default
      --use-non-free        Search / include non-free licensed libraries and header files

Code generation options:
  -m                        Set the port to use e.g. -mz80.
  -p                        Select port specific processor e.g. -mpic14 -p16f84
      --model-small         internal data space is used (default)
      --model-medium        external paged data space is used
      --model-large         external data space is used
      --model-huge          functions are banked, data in external space
      --stack-auto          Stack automatic variables
      --xstack              Use external stack
      --int-long-reent      Use reentrant calls on the int and long support functions
      --float-reent         Use reentrant calls on the float support functions
      --xram-movc           Use movc instead of movx to read xram (xdata)
      --callee-saves        <func[,func,...]> Cause the called function to save registers instead of the caller
      --profile             On supported ports, generate extra profiling information
      --fomit-frame-pointer  Leave out the frame pointer.
      --all-callee-saves    callee will always save registers used
      --stack-probe         insert call to function __stack_probe at each function prologue
      --no-xinit-opt        don't memcpy initialized xram from code
      --no-c-code-in-asm    don't include c-code as comments in the asm file
      --no-peep-comments    don't include peephole optimizer comments
      --short-is-8bits      Make short 8 bits (for old times sake)
      --codeseg             <name> use this name for the code segment
      --constseg            <name> use this name for the const segment

Optimization options:
      --nooverlay           Disable overlaying leaf function auto variables
      --nogcse              Disable the GCSE optimisation
      --nolabelopt          Disable label optimisation
      --noinvariant         Disable optimisation of invariants
      --noinduction         Disable loop variable induction
      --nojtbound           Don't generate boundary check for jump tables
      --noloopreverse       Disable the loop reverse optimisation
      --no-peep             Disable the peephole assembly file optimisation
      --no-reg-params       On some ports, disable passing some parameters in registers
      --peep-asm            Enable peephole optimization on inline assembly
      --peep-return         Enable peephole optimization for return instructions
      --no-peep-return      Disable peephole optimization for return instructions
      --peep-file           <file> use this extra peephole file
      --opt-code-speed      Optimize for code speed rather than size
      --opt-code-size       Optimize for code size rather than speed
      --max-allocs-per-node  Maximum number of register assignments considered at each node of the tree decomposition
      --nolospre            Disable lospre
      --allow-unsafe-read   Allow optimizations to read any memory location anytime

Internal debugging options:
      --dump-ast            Dump front-end AST before generating i-code
      --dump-i-code         Dump the i-code structure at all stages
      --dump-graphs         Dump graphs (control-flow, conflict, etc)
      --i-code-in-asm       Include i-code as comments in the asm file
      --fverbose-asm        Include code generator comments in the asm output

Linker options:
  -l                        Include the given library in the link
  -L                        Add the next field to the library search path
      --lib-path            <path> use this path to search for libraries
      --out-fmt-ihx         Output in Intel hex format
      --out-fmt-s19         Output in S19 hex format
      --xram-loc            <nnnn> External Ram start location
      --xram-size           <nnnn> External Ram size
      --iram-size           <nnnn> Internal Ram size
      --xstack-loc          <nnnn> External Stack start location
      --code-loc            <nnnn> Code Segment Location
      --code-size           <nnnn> Code Segment size
      --stack-loc           <nnnn> Stack pointer initial value
      --data-loc            <nnnn> Direct data start location
      --idata-loc           
      --no-optsdcc-in-asm   Do not emit .optsdcc in asm

Special options for the mcs51 port:
      --stack-size          Tells the linker to allocate this space for stack
      --parms-in-bank1      use Bank1 for parameter passing
      --pack-iram           Tells the linker to pack variables in internal ram (default)
      --no-pack-iram        Deprecated: Tells the linker not to pack variables in internal ram
      --acall-ajmp          Use acall/ajmp instead of lcall/ljmp
      --no-ret-without-call  Do not use ret independent of acall/lcall

Special options for the z80 port:
      --callee-saves-bc     Force a called function to always save BC
      --portmode=           Determine PORT I/O mode (z80/z180)
      --asm=                Define assembler name (rgbds/asxxxx/isas/z80asm)
      --codeseg             <name> use this name for the code segment
      --constseg            <name> use this name for the const segment
      --no-std-crt0         For the z80/gbz80 do not link default crt0.rel
      --reserve-regs-iy     Do not use IY (incompatible with --fomit-frame-pointer)
      --oldralloc           Use old register allocator
      --fno-omit-frame-pointer  Do not omit frame pointer
      --emit-externs        Emit externs list in generated asm

Special options for the z180 port:
      --callee-saves-bc     Force a called function to always save BC
      --portmode=           Determine PORT I/O mode (z80/z180)
      --asm=                Define assembler name (rgbds/asxxxx/isas/z80asm)
      --codeseg             <name> use this name for the code segment
      --constseg            <name> use this name for the const segment
      --no-std-crt0         For the z80/gbz80 do not link default crt0.rel
      --reserve-regs-iy     Do not use IY (incompatible with --fomit-frame-pointer)
      --oldralloc           Use old register allocator
      --fno-omit-frame-pointer  Do not omit frame pointer
      --emit-externs        Emit externs list in generated asm

Special options for the r2k port:
      --callee-saves-bc     Force a called function to always save BC
      --portmode=           Determine PORT I/O mode (z80/z180)
      --asm=                Define assembler name (rgbds/asxxxx/isas/z80asm)
      --codeseg             <name> use this name for the code segment
      --constseg            <name> use this name for the const segment
      --no-std-crt0         For the z80/gbz80 do not link default crt0.rel
      --reserve-regs-iy     Do not use IY (incompatible with --fomit-frame-pointer)
      --oldralloc           Use old register allocator
      --fno-omit-frame-pointer  Do not omit frame pointer
      --emit-externs        Emit externs list in generated asm

Special options for the r3ka port:
      --callee-saves-bc     Force a called function to always save BC
      --portmode=           Determine PORT I/O mode (z80/z180)
      --asm=                Define assembler name (rgbds/asxxxx/isas/z80asm)
      --codeseg             <name> use this name for the code segment
      --constseg            <name> use this name for the const segment
      --no-std-crt0         For the z80/gbz80 do not link default crt0.rel
      --reserve-regs-iy     Do not use IY (incompatible with --fomit-frame-pointer)
      --oldralloc           Use old register allocator
      --fno-omit-frame-pointer  Do not omit frame pointer
      --emit-externs        Emit externs list in generated asm

Special options for the gbz80 port:
      -bo                   <num> use code bank <num>
      -ba                   <num> use data bank <num>
      --callee-saves-bc     Force a called function to always save BC
      --codeseg             <name> use this name for the code segment
      --constseg            <name> use this name for the const segment
      --no-std-crt0         For the z80/gbz80 do not link default crt0.rel

Special options for the tlcs90 port:
      --callee-saves-bc     Force a called function to always save BC
      --portmode=           Determine PORT I/O mode (z80/z180)
      --asm=                Define assembler name (rgbds/asxxxx/isas/z80asm)
      --codeseg             <name> use this name for the code segment
      --constseg            <name> use this name for the const segment
      --no-std-crt0         For the z80/gbz80 do not link default crt0.rel
      --reserve-regs-iy     Do not use IY (incompatible with --fomit-frame-pointer)
      --oldralloc           Use old register allocator
      --fno-omit-frame-pointer  Do not omit frame pointer
      --emit-externs        Emit externs list in generated asm

Special options for the ds390 port:
      --model-flat24        use the flat24 model for the ds390 (default)
      --stack-8bit          use the 8bit stack for the ds390 (not supported yet)
      --stack-size          Tells the linker to allocate this space for stack
      --pack-iram           Tells the linker to pack variables in internal ram (default)
      --no-pack-iram        Deprecated: Tells the linker not to pack variables in internal ram
      --stack-10bit         use the 10bit stack for ds390 (default)
      --use-accelerator     generate code for ds390 arithmetic accelerator
      --protect-sp-update   will disable interrupts during ESP:SP updates
      --parms-in-bank1      use Bank1 for parameter passing

Special options for the pic16 port:
      --pstack-model=       use stack model 'small' (default) or 'large'
  -y  --extended            enable Extended Instruction Set/Literal Offset Addressing mode
      --pno-banksel         do not generate BANKSEL assembler directives
      --obanksel=           set banksel optimization level (default=0 no)
      --denable-peeps       explicit enable of peepholes
      --no-optimize-goto    do NOT use (conditional) BRA instead of GOTO
      --optimize-cmp        try to optimize some compares
      --optimize-df         thoroughly analyze data flow (memory and time intensive!)
      --asm=                Use alternative assembler
      --mplab-comp          enable compatibility mode for MPLAB utilities (MPASM/MPLINK)
      --link=               Use alternative linker
      --preplace-udata-with=  Place udata variables at another section: udata_acs, udata_ovr, udata_shr
      --ivt-loc=            Set address of interrupt vector table.
      --nodefaultlibs       do not link default libraries when linking
      --use-crt=            use <crt-o> run-time initialization module
      --no-crt              do not link any default run-time initialization module
      --debug-xtra          show more debug info in assembly output
      --debug-ralloc        dump register allocator debug file *.d
      --pcode-verbose       dump pcode related info
      --calltree            dump call tree in .calltree file
      --gstack              trace stack pointer push/pop to overflow
      --no-warn-non-free    suppress warning on absent --use-non-free option

Special options for the pic14 port:
      --debug-xtra          show more debug info in assembly output
      --no-pcode-opt        disable (slightly faulty) optimization on pCode
      --stack-size          sets the size if the argument passing stack (default: 16, minimum: 4)
      --no-extended-instructions  forbid use of the extended instruction set (e.g., ADDFSR)
      --no-warn-non-free    suppress warning on absent --use-non-free option

Special options for the TININative port:
      --model-flat24        use the flat24 model for the ds390 (default)
      --stack-8bit          use the 8bit stack for the ds390 (not supported yet)
      --stack-size          Tells the linker to allocate this space for stack
      --pack-iram           Tells the linker to pack variables in internal ram (default)
      --no-pack-iram        Deprecated: Tells the linker not to pack variables in internal ram
      --stack-10bit         use the 10bit stack for ds390 (default)
      --use-accelerator     generate code for ds390 arithmetic accelerator
      --protect-sp-update   will disable interrupts during ESP:SP updates
      --parms-in-bank1      use Bank1 for parameter passing
      --tini-libid          <nnnn> LibraryID used in -mTININative

Special options for the ds400 port:
      --model-flat24        use the flat24 model for the ds400 (default)
      --stack-8bit          use the 8bit stack for the ds400 (not supported yet)
      --stack-size          Tells the linker to allocate this space for stack
      --pack-iram           Tells the linker to pack variables in internal ram (default)
      --no-pack-iram        Deprecated: Tells the linker not to pack variables in internal ram
      --stack-10bit         use the 10bit stack for ds400 (default)
      --use-accelerator     generate code for ds400 arithmetic accelerator
      --protect-sp-update   will disable interrupts during ESP:SP updates
      --parms-in-bank1      use Bank1 for parameter passing

Special options for the hc08 port:
      --out-fmt-elf         Output executable in ELF format
      --oldralloc           Use old register allocator

Special options for the s08 port:
      --out-fmt-elf         Output executable in ELF format
      --oldralloc           Use old register allocator

Special options for the stm8 port:
      --codeseg             <name> use this name for the code segment
      --constseg            <name> use this name for the const segment
      --out-fmt-elf         Output executable in ELF format
configure:3467: $? = 1
configure:3470: checking whether we are using the GNU C compiler
configure:3539: result: no
configure:3544: checking whether sdcc-sdcc accepts -g
configure:3730: result: no
configure:3747: checking for sdcc-sdcc option to accept ISO C89
configure:3870: result: unsupported
configure:3888: checking for x86_64-unknown-linux-gnu-ranlib
configure:3918: result: no
configure:3928: checking for ranlib
configure:3944: found /usr/bin/ranlib
configure:3955: result: ranlib
configure:3969: WARNING: In the future, Autoconf will not detect cross-tools
whose name does not start with the host triplet.  If you think this
configuration is useful to you, please write to autoconf@gnu.org.
configure:4025: checking for a BSD-compatible install
configure:4081: result: /usr/bin/install -c
configure:4097: checking how to run the C preprocessor
configure:4137: sdcc-sdcc -E  conftest.c
configure:4143: $? = 0
configure:4181: sdcc-sdcc -E  conftest.c
conftest.c:9:28: fatal error: ac_nonexistent.h: No such file or directory
compilation terminated.
configure:4187: $? = 1
configure: failed program was:
| /* confdefs.h.  */
| #define PACKAGE_NAME ""
| #define PACKAGE_TARNAME ""
| #define PACKAGE_VERSION ""
| #define PACKAGE_STRING ""
| #define PACKAGE_BUGREPORT ""
| #define _GNU_SOURCE 1
| /* end confdefs.h.  */
| #include <ac_nonexistent.h>
configure:4227: result: sdcc-sdcc -E
configure:4256: sdcc-sdcc -E  conftest.c
configure:4262: $? = 0
configure:4300: sdcc-sdcc -E  conftest.c
conftest.c:9:28: fatal error: ac_nonexistent.h: No such file or directory
compilation terminated.
configure:4306: $? = 1
configure: failed program was:
| /* confdefs.h.  */
| #define PACKAGE_NAME ""
| #define PACKAGE_TARNAME ""
| #define PACKAGE_VERSION ""
| #define PACKAGE_STRING ""
| #define PACKAGE_BUGREPORT ""
| #define _GNU_SOURCE 1
| /* end confdefs.h.  */
| #include <ac_nonexistent.h>
configure:4351: checking for grep that handles long lines and -e
configure:4425: result: /usr/bin/grep
configure:4430: checking for egrep
configure:4508: result: /usr/bin/grep -E
configure:4513: checking for ANSI C header files
configure:4543: sdcc-sdcc -c -I../../src/include -mz80 -D__SDCC__=1  conftest.c >&5
configure:4549: $? = 0
configure:4556: test -z "$ac_c_werror_flag" || test ! -s conftest.err
configure:4559: $? = 0
configure:4566: test -s conftest.asm
configure:4569: $? = 0
configure:4694: result: yes
configure:4719: checking for sys/types.h
configure:4740: sdcc-sdcc -c -I../../src/include -mz80 -D__SDCC__=1  conftest.c >&5
configure:4746: $? = 0
configure:4753: test -z "$ac_c_werror_flag" || test ! -s conftest.err
configure:4756: $? = 0
configure:4763: test -s conftest.asm
configure:4766: $? = 0
configure:4779: result: yes
configure:4719: checking for sys/stat.h
configure:4740: sdcc-sdcc -c -I../../src/include -mz80 -D__SDCC__=1  conftest.c >&5
configure:4746: $? = 0
configure:4753: test -z "$ac_c_werror_flag" || test ! -s conftest.err
configure:4756: $? = 0
configure:4763: test -s conftest.asm
configure:4766: $? = 0
configure:4779: result: yes
configure:4719: checking for stdlib.h
configure:4740: sdcc-sdcc -c -I../../src/include -mz80 -D__SDCC__=1  conftest.c >&5
configure:4746: $? = 0
configure:4753: test -z "$ac_c_werror_flag" || test ! -s conftest.err
configure:4756: $? = 0
configure:4763: test -s conftest.asm
configure:4766: $? = 0
configure:4779: result: yes
configure:4719: checking for string.h
configure:4740: sdcc-sdcc -c -I../../src/include -mz80 -D__SDCC__=1  conftest.c >&5
configure:4746: $? = 0
configure:4753: test -z "$ac_c_werror_flag" || test ! -s conftest.err
configure:4756: $? = 0
configure:4763: test -s conftest.asm
configure:4766: $? = 0
configure:4779: result: yes
configure:4719: checking for memory.h
configure:4740: sdcc-sdcc -c -I../../src/include -mz80 -D__SDCC__=1  conftest.c >&5
conftest.c:48:20: fatal error: memory.h: No such file or directory
compilation terminated.
configure:4746: $? = 1
configure: failed program was:
| /* confdefs.h.  */
| #define PACKAGE_NAME ""
| #define PACKAGE_TARNAME ""
| #define PACKAGE_VERSION ""
| #define PACKAGE_STRING ""
| #define PACKAGE_BUGREPORT ""
| #define _GNU_SOURCE 1
| #define STDC_HEADERS 1
| #define HAVE_SYS_TYPES_H 1
| #define HAVE_SYS_STAT_H 1
| #define HAVE_STDLIB_H 1
| #define HAVE_STRING_H 1
| /* end confdefs.h.  */
| #include <stdio.h>
| #if HAVE_SYS_TYPES_H
| # include <sys/types.h>
| #endif
| #if HAVE_SYS_STAT_H
| # include <sys/stat.h>
| #endif
| #if STDC_HEADERS
| # include <stdlib.h>
| # include <stddef.h>
| #else
| # if HAVE_STDLIB_H
| #  include <stdlib.h>
| # endif
| #endif
| #if HAVE_STRING_H
| # if !STDC_HEADERS && HAVE_MEMORY_H
| #  include <memory.h>
| # endif
| # include <string.h>
| #endif
| #if HAVE_STRINGS_H
| # include <strings.h>
| #endif
| #if HAVE_INTTYPES_H
| # include <inttypes.h>
| #endif
| #if HAVE_STDINT_H
| # include <stdint.h>
| #endif
| #if HAVE_UNISTD_H
| # include <unistd.h>
| #endif
| 
| #include <memory.h>
configure:4779: result: no
configure:4719: checking for strings.h
configure:4740: sdcc-sdcc -c -I../../src/include -mz80 -D__SDCC__=1  conftest.c >&5
conftest.c:48:21: fatal error: strings.h: No such file or directory
compilation terminated.
configure:4746: $? = 1
configure: failed program was:
| /* confdefs.h.  */
| #define PACKAGE_NAME ""
| #define PACKAGE_TARNAME ""
| #define PACKAGE_VERSION ""
| #define PACKAGE_STRING ""
| #define PACKAGE_BUGREPORT ""
| #define _GNU_SOURCE 1
| #define STDC_HEADERS 1
| #define HAVE_SYS_TYPES_H 1
| #define HAVE_SYS_STAT_H 1
| #define HAVE_STDLIB_H 1
| #define HAVE_STRING_H 1
| /* end confdefs.h.  */
| #include <stdio.h>
| #if HAVE_SYS_TYPES_H
| # include <sys/types.h>
| #endif
| #if HAVE_SYS_STAT_H
| # include <sys/stat.h>
| #endif
| #if STDC_HEADERS
| # include <stdlib.h>
| # include <stddef.h>
| #else
| # if HAVE_STDLIB_H
| #  include <stdlib.h>
| # endif
| #endif
| #if HAVE_STRING_H
| # if !STDC_HEADERS && HAVE_MEMORY_H
| #  include <memory.h>
| # endif
| # include <string.h>
| #endif
| #if HAVE_STRINGS_H
| # include <strings.h>
| #endif
| #if HAVE_INTTYPES_H
| # include <inttypes.h>
| #endif
| #if HAVE_STDINT_H
| # include <stdint.h>
| #endif
| #if HAVE_UNISTD_H
| # include <unistd.h>
| #endif
| 
| #include <strings.h>
configure:4779: result: no
configure:4719: checking for inttypes.h
configure:4740: sdcc-sdcc -c -I../../src/include -mz80 -D__SDCC__=1  conftest.c >&5
configure:4746: $? = 0
configure:4753: test -z "$ac_c_werror_flag" || test ! -s conftest.err
configure:4756: $? = 0
configure:4763: test -s conftest.asm
configure:4766: $? = 0
configure:4779: result: yes
configure:4719: checking for stdint.h
configure:4740: sdcc-sdcc -c -I../../src/include -mz80 -D__SDCC__=1  conftest.c >&5
configure:4746: $? = 0
configure:4753: test -z "$ac_c_werror_flag" || test ! -s conftest.err
configure:4756: $? = 0
configure:4763: test -s conftest.asm
configure:4766: $? = 0
configure:4779: result: yes
configure:4719: checking for unistd.h
configure:4740: sdcc-sdcc -c -I../../src/include -mz80 -D__SDCC__=1  conftest.c >&5
configure:4746: $? = 0
configure:4753: test -z "$ac_c_werror_flag" || test ! -s conftest.err
configure:4756: $? = 0
configure:4763: test -s conftest.asm
configure:4766: $? = 0
configure:4779: result: yes
configure:4791: checking for short
configure:4821: sdcc-sdcc -c -I../../src/include -mz80 -D__SDCC__=1  conftest.c >&5
conftest.c:55: warning 126: unreachable code
conftest.c:59: warning 126: unreachable code
configure:4827: $? = 0
configure:4834: test -z "$ac_c_werror_flag" || test ! -s conftest.err
configure:4837: $? = 0
configure:4844: test -s conftest.asm
configure:4847: $? = 0
configure:4859: result: yes
configure:4862: checking size of short
configure:4898: sdcc-sdcc -c -I../../src/include -mz80 -D__SDCC__=1  conftest.c >&5
configure:4904: $? = 0
configure:4911: test -z "$ac_c_werror_flag" || test ! -s conftest.err
configure:4914: $? = 0
configure:4921: test -s conftest.asm
configure:4924: $? = 0
configure:4952: sdcc-sdcc -c -I../../src/include -mz80 -D__SDCC__=1  conftest.c >&5
conftest.c:54: error 195: Size of array 'test_array' is negative
configure:4958: $? = 1
configure: failed program was:
| /* confdefs.h.  */
| #define PACKAGE_NAME ""
| #define PACKAGE_TARNAME ""
| #define PACKAGE_VERSION ""
| #define PACKAGE_STRING ""
| #define PACKAGE_BUGREPORT ""
| #define _GNU_SOURCE 1
| #define STDC_HEADERS 1
| #define HAVE_SYS_TYPES_H 1
| #define HAVE_SYS_STAT_H 1
| #define HAVE_STDLIB_H 1
| #define HAVE_STRING_H 1
| #define HAVE_INTTYPES_H 1
| #define HAVE_STDINT_H 1
| #define HAVE_UNISTD_H 1
| /* end confdefs.h.  */
| #include <stdio.h>
| #if HAVE_SYS_TYPES_H
| # include <sys/types.h>
| #endif
| #if HAVE_SYS_STAT_H
| # include <sys/stat.h>
| #endif
| #if STDC_HEADERS
| # include <stdlib.h>
| # include <stddef.h>
| #else
| # if HAVE_STDLIB_H
| #  include <stdlib.h>
| # endif
| #endif
| #if HAVE_STRING_H
| # if !STDC_HEADERS && HAVE_MEMORY_H
| #  include <memory.h>
| # endif
| # include <string.h>
| #endif
| #if HAVE_STRINGS_H
| # include <strings.h>
| #endif
| #if HAVE_INTTYPES_H
| # include <inttypes.h>
| #endif
| #if HAVE_STDINT_H
| # include <stdint.h>
| #endif
| #if HAVE_UNISTD_H
| # include <unistd.h>
| #endif
| 		   typedef short ac__type_sizeof_;
| int
| main ()
| {
| static int test_array [1 - 2 * !(((long int) (sizeof (ac__type_sizeof_))) <= 0)];
| test_array [0] = 0
| 
|   ;
|   return 0;
| }
configure:4952: sdcc-sdcc -c -I../../src/include -mz80 -D__SDCC__=1  conftest.c >&5
conftest.c:54: error 195: Size of array 'test_array' is negative
configure:4958: $? = 1
configure: failed program was:
| /* confdefs.h.  */
| #define PACKAGE_NAME ""
| #define PACKAGE_TARNAME ""
| #define PACKAGE_VERSION ""
| #define PACKAGE_STRING ""
| #define PACKAGE_BUGREPORT ""
| #define _GNU_SOURCE 1
| #define STDC_HEADERS 1
| #define HAVE_SYS_TYPES_H 1
| #define HAVE_SYS_STAT_H 1
| #define HAVE_STDLIB_H 1
| #define HAVE_STRING_H 1
| #define HAVE_INTTYPES_H 1
| #define HAVE_STDINT_H 1
| #define HAVE_UNISTD_H 1
| /* end confdefs.h.  */
| #include <stdio.h>
| #if HAVE_SYS_TYPES_H
| # include <sys/types.h>
| #endif
| #if HAVE_SYS_STAT_H
| # include <sys/stat.h>
| #endif
| #if STDC_HEADERS
| # include <stdlib.h>
| # include <stddef.h>
| #else
| # if HAVE_STDLIB_H
| #  include <stdlib.h>
| # endif
| #endif
| #if HAVE_STRING_H
| # if !STDC_HEADERS && HAVE_MEMORY_H
| #  include <memory.h>
| # endif
| # include <string.h>
| #endif
| #if HAVE_STRINGS_H
| # include <strings.h>
| #endif
| #if HAVE_INTTYPES_H
| # include <inttypes.h>
| #endif
| #if HAVE_STDINT_H
| # include <stdint.h>
| #endif
| #if HAVE_UNISTD_H
| # include <unistd.h>
| #endif
| 		   typedef short ac__type_sizeof_;
| int
| main ()
| {
| static int test_array [1 - 2 * !(((long int) (sizeof (ac__type_sizeof_))) <= 1)];
| test_array [0] = 0
| 
|   ;
|   return 0;
| }
configure:4952: sdcc-sdcc -c -I../../src/include -mz80 -D__SDCC__=1  conftest.c >&5
configure:4958: $? = 0
configure:4965: test -z "$ac_c_werror_flag" || test ! -s conftest.err
configure:4968: $? = 0
configure:4975: test -s conftest.asm
configure:4978: $? = 0
configure:5158: sdcc-sdcc -c -I../../src/include -mz80 -D__SDCC__=1  conftest.c >&5
configure:5164: $? = 0
configure:5171: test -z "$ac_c_werror_flag" || test ! -s conftest.err
configure:5174: $? = 0
configure:5181: test -s conftest.asm
configure:5184: $? = 0
configure:5284: result: 2
configure:5291: checking for int
configure:5321: sdcc-sdcc -c -I../../src/include -mz80 -D__SDCC__=1  conftest.c >&5
conftest.c:56: warning 126: unreachable code
conftest.c:60: warning 126: unreachable code
configure:5327: $? = 0
configure:5334: test -z "$ac_c_werror_flag" || test ! -s conftest.err
configure:5337: $? = 0
configure:5344: test -s conftest.asm
configure:5347: $? = 0
configure:5359: result: yes
configure:5362: checking size of int
configure:5398: sdcc-sdcc -c -I../../src/include -mz80 -D__SDCC__=1  conftest.c >&5
configure:5404: $? = 0
configure:5411: test -z "$ac_c_werror_flag" || test ! -s conftest.err
configure:5414: $? = 0
configure:5421: test -s conftest.asm
configure:5424: $? = 0
configure:5452: sdcc-sdcc -c -I../../src/include -mz80 -D__SDCC__=1  conftest.c >&5
conftest.c:55: error 195: Size of array 'test_array' is negative
configure:5458: $? = 1
configure: failed program was:
| /* confdefs.h.  */
| #define PACKAGE_NAME ""
| #define PACKAGE_TARNAME ""
| #define PACKAGE_VERSION ""
| #define PACKAGE_STRING ""
| #define PACKAGE_BUGREPORT ""
| #define _GNU_SOURCE 1
| #define STDC_HEADERS 1
| #define HAVE_SYS_TYPES_H 1
| #define HAVE_SYS_STAT_H 1
| #define HAVE_STDLIB_H 1
| #define HAVE_STRING_H 1
| #define HAVE_INTTYPES_H 1
| #define HAVE_STDINT_H 1
| #define HAVE_UNISTD_H 1
| #define SIZEOF_SHORT 2
| /* end confdefs.h.  */
| #include <stdio.h>
| #if HAVE_SYS_TYPES_H
| # include <sys/types.h>
| #endif
| #if HAVE_SYS_STAT_H
| # include <sys/stat.h>
| #endif
| #if STDC_HEADERS
| # include <stdlib.h>
| # include <stddef.h>
| #else
| # if HAVE_STDLIB_H
| #  include <stdlib.h>
| # endif
| #endif
| #if HAVE_STRING_H
| # if !STDC_HEADERS && HAVE_MEMORY_H
| #  include <memory.h>
| # endif
| # include <string.h>
| #endif
| #if HAVE_STRINGS_H
| # include <strings.h>
| #endif
| #if HAVE_INTTYPES_H
| # include <inttypes.h>
| #endif
| #if HAVE_STDINT_H
| # include <stdint.h>
| #endif
| #if HAVE_UNISTD_H
| # include <unistd.h>
| #endif
| 		   typedef int ac__type_sizeof_;
| int
| main ()
| {
| static int test_array [1 - 2 * !(((long int) (sizeof (ac__type_sizeof_))) <= 0)];
| test_array [0] = 0
| 
|   ;
|   return 0;
| }
configure:5452: sdcc-sdcc -c -I../../src/include -mz80 -D__SDCC__=1  conftest.c >&5
conftest.c:55: error 195: Size of array 'test_array' is negative
configure:5458: $? = 1
configure: failed program was:
| /* confdefs.h.  */
| #define PACKAGE_NAME ""
| #define PACKAGE_TARNAME ""
| #define PACKAGE_VERSION ""
| #define PACKAGE_STRING ""
| #define PACKAGE_BUGREPORT ""
| #define _GNU_SOURCE 1
| #define STDC_HEADERS 1
| #define HAVE_SYS_TYPES_H 1
| #define HAVE_SYS_STAT_H 1
| #define HAVE_STDLIB_H 1
| #define HAVE_STRING_H 1
| #define HAVE_INTTYPES_H 1
| #define HAVE_STDINT_H 1
| #define HAVE_UNISTD_H 1
| #define SIZEOF_SHORT 2
| /* end confdefs.h.  */
| #include <stdio.h>
| #if HAVE_SYS_TYPES_H
| # include <sys/types.h>
| #endif
| #if HAVE_SYS_STAT_H
| # include <sys/stat.h>
| #endif
| #if STDC_HEADERS
| # include <stdlib.h>
| # include <stddef.h>
| #else
| # if HAVE_STDLIB_H
| #  include <stdlib.h>
| # endif
| #endif
| #if HAVE_STRING_H
| # if !STDC_HEADERS && HAVE_MEMORY_H
| #  include <memory.h>
| # endif
| # include <string.h>
| #endif
| #if HAVE_STRINGS_H
| # include <strings.h>
| #endif
| #if HAVE_INTTYPES_H
| # include <inttypes.h>
| #endif
| #if HAVE_STDINT_H
| # include <stdint.h>
| #endif
| #if HAVE_UNISTD_H
| # include <unistd.h>
| #endif
| 		   typedef int ac__type_sizeof_;
| int
| main ()
| {
| static int test_array [1 - 2 * !(((long int) (sizeof (ac__type_sizeof_))) <= 1)];
| test_array [0] = 0
| 
|   ;
|   return 0;
| }
configure:5452: sdcc-sdcc -c -I../../src/include -mz80 -D__SDCC__=1  conftest.c >&5
configure:5458: $? = 0
configure:5465: test -z "$ac_c_werror_flag" || test ! -s conftest.err
configure:5468: $? = 0
configure:5475: test -s conftest.asm
configure:5478: $? = 0
configure:5658: sdcc-sdcc -c -I../../src/include -mz80 -D__SDCC__=1  conftest.c >&5
configure:5664: $? = 0
configure:5671: test -z "$ac_c_werror_flag" || test ! -s conftest.err
configure:5674: $? = 0
configure:5681: test -s conftest.asm
configure:5684: $? = 0
configure:5784: result: 2
configure:5791: checking for long
configure:5821: sdcc-sdcc -c -I../../src/include -mz80 -D__SDCC__=1  conftest.c >&5
conftest.c:57: warning 126: unreachable code
conftest.c:61: warning 126: unreachable code
configure:5827: $? = 0
configure:5834: test -z "$ac_c_werror_flag" || test ! -s conftest.err
configure:5837: $? = 0
configure:5844: test -s conftest.asm
configure:5847: $? = 0
configure:5859: result: yes
configure:5862: checking size of long
configure:5898: sdcc-sdcc -c -I../../src/include -mz80 -D__SDCC__=1  conftest.c >&5
configure:5904: $? = 0
configure:5911: test -z "$ac_c_werror_flag" || test ! -s conftest.err
configure:5914: $? = 0
configure:5921: test -s conftest.asm
configure:5924: $? = 0
configure:5952: sdcc-sdcc -c -I../../src/include -mz80 -D__SDCC__=1  conftest.c >&5
conftest.c:56: error 195: Size of array 'test_array' is negative
configure:5958: $? = 1
configure: failed program was:
| /* confdefs.h.  */
| #define PACKAGE_NAME ""
| #define PACKAGE_TARNAME ""
| #define PACKAGE_VERSION ""
| #define PACKAGE_STRING ""
| #define PACKAGE_BUGREPORT ""
| #define _GNU_SOURCE 1
| #define STDC_HEADERS 1
| #define HAVE_SYS_TYPES_H 1
| #define HAVE_SYS_STAT_H 1
| #define HAVE_STDLIB_H 1
| #define HAVE_STRING_H 1
| #define HAVE_INTTYPES_H 1
| #define HAVE_STDINT_H 1
| #define HAVE_UNISTD_H 1
| #define SIZEOF_SHORT 2
| #define SIZEOF_INT 2
| /* end confdefs.h.  */
| #include <stdio.h>
| #if HAVE_SYS_TYPES_H
| # include <sys/types.h>
| #endif
| #if HAVE_SYS_STAT_H
| # include <sys/stat.h>
| #endif
| #if STDC_HEADERS
| # include <stdlib.h>
| # include <stddef.h>
| #else
| # if HAVE_STDLIB_H
| #  include <stdlib.h>
| # endif
| #endif
| #if HAVE_STRING_H
| # if !STDC_HEADERS && HAVE_MEMORY_H
| #  include <memory.h>
| # endif
| # include <string.h>
| #endif
| #if HAVE_STRINGS_H
| # include <strings.h>
| #endif
| #if HAVE_INTTYPES_H
| # include <inttypes.h>
| #endif
| #if HAVE_STDINT_H
| # include <stdint.h>
| #endif
| #if HAVE_UNISTD_H
| # include <unistd.h>
| #endif
| 		   typedef long ac__type_sizeof_;
| int
| main ()
| {
| static int test_array [1 - 2 * !(((long int) (sizeof (ac__type_sizeof_))) <= 0)];
| test_array [0] = 0
| 
|   ;
|   return 0;
| }
configure:5952: sdcc-sdcc -c -I../../src/include -mz80 -D__SDCC__=1  conftest.c >&5
conftest.c:56: error 195: Size of array 'test_array' is negative
configure:5958: $? = 1
configure: failed program was:
| /* confdefs.h.  */
| #define PACKAGE_NAME ""
| #define PACKAGE_TARNAME ""
| #define PACKAGE_VERSION ""
| #define PACKAGE_STRING ""
| #define PACKAGE_BUGREPORT ""
| #define _GNU_SOURCE 1
| #define STDC_HEADERS 1
| #define HAVE_SYS_TYPES_H 1
| #define HAVE_SYS_STAT_H 1
| #define HAVE_STDLIB_H 1
| #define HAVE_STRING_H 1
| #define HAVE_INTTYPES_H 1
| #define HAVE_STDINT_H 1
| #define HAVE_UNISTD_H 1
| #define SIZEOF_SHORT 2
| #define SIZEOF_INT 2
| /* end confdefs.h.  */
| #include <stdio.h>
| #if HAVE_SYS_TYPES_H
| # include <sys/types.h>
| #endif
| #if HAVE_SYS_STAT_H
| # include <sys/stat.h>
| #endif
| #if STDC_HEADERS
| # include <stdlib.h>
| # include <stddef.h>
| #else
| # if HAVE_STDLIB_H
| #  include <stdlib.h>
| # endif
| #endif
| #if HAVE_STRING_H
| # if !STDC_HEADERS && HAVE_MEMORY_H
| #  include <memory.h>
| # endif
| # include <string.h>
| #endif
| #if HAVE_STRINGS_H
| # include <strings.h>
| #endif
| #if HAVE_INTTYPES_H
| # include <inttypes.h>
| #endif
| #if HAVE_STDINT_H
| # include <stdint.h>
| #endif
| #if HAVE_UNISTD_H
| # include <unistd.h>
| #endif
| 		   typedef long ac__type_sizeof_;
| int
| main ()
| {
| static int test_array [1 - 2 * !(((long int) (sizeof (ac__type_sizeof_))) <= 1)];
| test_array [0] = 0
| 
|   ;
|   return 0;
| }
configure:5952: sdcc-sdcc -c -I../../src/include -mz80 -D__SDCC__=1  conftest.c >&5
conftest.c:56: error 195: Size of array 'test_array' is negative
configure:5958: $? = 1
configure: failed program was:
| /* confdefs.h.  */
| #define PACKAGE_NAME ""
| #define PACKAGE_TARNAME ""
| #define PACKAGE_VERSION ""
| #define PACKAGE_STRING ""
| #define PACKAGE_BUGREPORT ""
| #define _GNU_SOURCE 1
| #define STDC_HEADERS 1
| #define HAVE_SYS_TYPES_H 1
| #define HAVE_SYS_STAT_H 1
| #define HAVE_STDLIB_H 1
| #define HAVE_STRING_H 1
| #define HAVE_INTTYPES_H 1
| #define HAVE_STDINT_H 1
| #define HAVE_UNISTD_H 1
| #define SIZEOF_SHORT 2
| #define SIZEOF_INT 2
| /* end confdefs.h.  */
| #include <stdio.h>
| #if HAVE_SYS_TYPES_H
| # include <sys/types.h>
| #endif
| #if HAVE_SYS_STAT_H
| # include <sys/stat.h>
| #endif
| #if STDC_HEADERS
| # include <stdlib.h>
| # include <stddef.h>
| #else
| # if HAVE_STDLIB_H
| #  include <stdlib.h>
| # endif
| #endif
| #if HAVE_STRING_H
| # if !STDC_HEADERS && HAVE_MEMORY_H
| #  include <memory.h>
| # endif
| # include <string.h>
| #endif
| #if HAVE_STRINGS_H
| # include <strings.h>
| #endif
| #if HAVE_INTTYPES_H
| # include <inttypes.h>
| #endif
| #if HAVE_STDINT_H
| # include <stdint.h>
| #endif
| #if HAVE_UNISTD_H
| # include <unistd.h>
| #endif
| 		   typedef long ac__type_sizeof_;
| int
| main ()
| {
| static int test_array [1 - 2 * !(((long int) (sizeof (ac__type_sizeof_))) <= 3)];
| test_array [0] = 0
| 
|   ;
|   return 0;
| }
configure:5952: sdcc-sdcc -c -I../../src/include -mz80 -D__SDCC__=1  conftest.c >&5
configure:5958: $? = 0
configure:5965: test -z "$ac_c_werror_flag" || test ! -s conftest.err
configure:5968: $? = 0
configure:5975: test -s conftest.asm
configure:5978: $? = 0
configure:6158: sdcc-sdcc -c -I../../src/include -mz80 -D__SDCC__=1  conftest.c >&5
configure:6164: $? = 0
configure:6171: test -z "$ac_c_werror_flag" || test ! -s conftest.err
configure:6174: $? = 0
configure:6181: test -s conftest.asm
configure:6184: $? = 0
configure:6158: sdcc-sdcc -c -I../../src/include -mz80 -D__SDCC__=1  conftest.c >&5
configure:6164: $? = 0
configure:6171: test -z "$ac_c_werror_flag" || test ! -s conftest.err
configure:6174: $? = 0
configure:6181: test -s conftest.asm
configure:6184: $? = 0
configure:6284: result: 4
configure:6292: checking for an ANSI C-conforming const
configure:6367: sdcc-sdcc -c -I../../src/include -mz80 -D__SDCC__=1  conftest.c >&5
conftest.c:43: warning 196: pointer target lost const qualifier
conftest.c:75: warning 126: unreachable code
conftest.c:65: warning 84: 'auto' variable 'b' may be used before initialization
conftest.c:50: warning 110: conditional flow changed by optimizer: so said EVELYN the modified DOG
conftest.c:69: warning 110: conditional flow changed by optimizer: so said EVELYN the modified DOG
conftest.c:50: warning 126: unreachable code
conftest.c:69: warning 126: unreachable code
conftest.c:49: warning 84: 'auto' variable 't' may be used before initialization
conftest.c:65: warning 84: 'auto' variable 'b' may be used before initialization
configure:6373: $? = 0
configure:6380: test -z "$ac_c_werror_flag" || test ! -s conftest.err
configure:6383: $? = 0
configure:6390: test -s conftest.asm
configure:6393: $? = 0
configure:6405: result: yes
configure:6415: checking for inline
configure:6441: sdcc-sdcc -c -I../../src/include -mz80 -D__SDCC__=1  conftest.c >&5
configure:6447: $? = 0
configure:6454: test -z "$ac_c_werror_flag" || test ! -s conftest.err
configure:6457: $? = 0
configure:6464: test -s conftest.asm
configure:6467: $? = 0
configure:6482: result: inline
configure:6516: checking getopt.h usability
configure:6533: sdcc-sdcc -c -I../../src/include -mz80 -D__SDCC__=1  conftest.c >&5
configure:6539: $? = 0
configure:6546: test -z "$ac_c_werror_flag" || test ! -s conftest.err
configure:6549: $? = 0
configure:6556: test -s conftest.asm
configure:6559: $? = 0
configure:6570: result: yes
configure:6574: checking getopt.h presence
configure:6589: sdcc-sdcc -E  conftest.c
conftest.c:20:20: fatal error: getopt.h: No such file or directory
compilation terminated.
configure:6595: $? = 1
configure: failed program was:
| /* confdefs.h.  */
| #define PACKAGE_NAME ""
| #define PACKAGE_TARNAME ""
| #define PACKAGE_VERSION ""
| #define PACKAGE_STRING ""
| #define PACKAGE_BUGREPORT ""
| #define _GNU_SOURCE 1
| #define STDC_HEADERS 1
| #define HAVE_SYS_TYPES_H 1
| #define HAVE_SYS_STAT_H 1
| #define HAVE_STDLIB_H 1
| #define HAVE_STRING_H 1
| #define HAVE_INTTYPES_H 1
| #define HAVE_STDINT_H 1
| #define HAVE_UNISTD_H 1
| #define SIZEOF_SHORT 2
| #define SIZEOF_INT 2
| #define SIZEOF_LONG 4
| /* end confdefs.h.  */
| #include <getopt.h>
configure:6616: result: no
configure:6622: WARNING: getopt.h: accepted by the compiler, rejected by the preprocessor!
configure:6624: WARNING: getopt.h: proceeding with the compiler's result
configure:6644: checking for getopt.h
configure:6652: result: yes
configure:6669: checking for getopt_long
configure:6725: sdcc-sdcc -o conftest.asm -I../../src/include -mz80 -D__SDCC__=1   conftest.c  >&5
conftest.c:57: warning 126: unreachable code

?ASlink-Warning-Undefined Global '_getopt_long' referenced by module 'conftest'
configure:6731: $? = 1
configure: failed program was:
| /* confdefs.h.  */
| #define PACKAGE_NAME ""
| #define PACKAGE_TARNAME ""
| #define PACKAGE_VERSION ""
| #define PACKAGE_STRING ""
| #define PACKAGE_BUGREPORT ""
| #define _GNU_SOURCE 1
| #define STDC_HEADERS 1
| #define HAVE_SYS_TYPES_H 1
| #define HAVE_SYS_STAT_H 1
| #define HAVE_STDLIB_H 1
| #define HAVE_STRING_H 1
| #define HAVE_INTTYPES_H 1
| #define HAVE_STDINT_H 1
| #define HAVE_UNISTD_H 1
| #define SIZEOF_SHORT 2
| #define SIZEOF_INT 2
| #define SIZEOF_LONG 4
| #define HAVE_GETOPT_H 1
| /* end confdefs.h.  */
| /* Define getopt_long to an innocuous variant, in case <limits.h> declares getopt_long.
|    For example, HP-UX 11i <limits.h> declares gettimeofday.  */
| #define getopt_long innocuous_getopt_long
| 
| /* System header to define __stub macros and hopefully few prototypes,
|     which can conflict with char getopt_long (); below.
|     Prefer <limits.h> to <assert.h> if __STDC__ is defined, since
|     <limits.h> exists even on freestanding compilers.  */
| 
| #ifdef __STDC__
| # include <limits.h>
| #else
| # include <assert.h>
| #endif
| 
| #undef getopt_long
| 
| /* Override any GCC internal prototype to avoid an error.
|    Use char because int might match the return type of a GCC
|    builtin and then its argument prototype would still apply.  */
| #ifdef __cplusplus
| extern "C"
| #endif
| char getopt_long ();
| /* The GNU C library defines this for functions which it implements
|     to always fail with ENOSYS.  Some functions are actually named
|     something starting with __ and the normal name is an alias.  */
| #if defined __stub_getopt_long || defined __stub___getopt_long
| choke me
| #endif
| 
| int
| main ()
| {
| return getopt_long ();
|   ;
|   return 0;
| }
configure:6765: result: no
configure:6779: result: no gcc
configure:6885: creating ./config.status

## ---------------------- ##
## Running config.status. ##
## ---------------------- ##

This file was extended by config.status, which was
generated by GNU Autoconf 2.60.  Invocation command line was

  CONFIG_FILES    = 
  CONFIG_HEADERS  = 
  CONFIG_LINKS    = 
  CONFIG_COMMANDS = 
  $ ./config.status 

on fc26

config.status:583: creating Makefile
config.status:583: creating config.h
config.status:804: config.h is unchanged

## ---------------- ##
## Cache variables. ##
## ---------------- ##

ac_cv_c_compiler_gnu=no
ac_cv_c_const=yes
ac_cv_c_inline=inline
ac_cv_env_CC_set=set
ac_cv_env_CC_value=sdcc-sdcc
ac_cv_env_CFLAGS_set=set
ac_cv_env_CFLAGS_value='-I../../src/include -mz80 -D__SDCC__=1'
ac_cv_env_CPPFLAGS_set=
ac_cv_env_CPPFLAGS_value=
ac_cv_env_CPP_set=
ac_cv_env_CPP_value=
ac_cv_env_LDFLAGS_set=
ac_cv_env_LDFLAGS_value=
ac_cv_env_build_alias_set=
ac_cv_env_build_alias_value=
ac_cv_env_host_alias_set=set
ac_cv_env_host_alias_value=x86_64-unknown-linux-gnu
ac_cv_env_target_alias_set=set
ac_cv_env_target_alias_value=sdcc-z80
ac_cv_exeext=.asm
ac_cv_func_getopt_long=no
ac_cv_header_getopt_h=yes
ac_cv_header_inttypes_h=yes
ac_cv_header_memory_h=no
ac_cv_header_stdc=yes
ac_cv_header_stdint_h=yes
ac_cv_header_stdlib_h=yes
ac_cv_header_string_h=yes
ac_cv_header_strings_h=no
ac_cv_header_sys_stat_h=yes
ac_cv_header_sys_types_h=yes
ac_cv_header_unistd_h=yes
ac_cv_objext=asm
ac_cv_path_EGREP='/usr/bin/grep -E'
ac_cv_path_GREP=/usr/bin/grep
ac_cv_path_install='/usr/bin/install -c'
ac_cv_prog_CC=sdcc-sdcc
ac_cv_prog_CPP='sdcc-sdcc -E'
ac_cv_prog_ac_ct_RANLIB=ranlib
ac_cv_prog_cc_c89=no
ac_cv_prog_cc_g=no
ac_cv_sizeof_int=2
ac_cv_sizeof_long=4
ac_cv_sizeof_short=2
ac_cv_sys_file_offset_bits=no
ac_cv_sys_large_files=no
ac_cv_sys_largefile_CC=no
ac_cv_type_int=yes
ac_cv_type_long=yes
ac_cv_type_short=yes

## ----------------- ##
## Output variables. ##
## ----------------- ##

CC='sdcc-sdcc'
CFLAGS='-I../../src/include -mz80 -D__SDCC__=1'
CPP='sdcc-sdcc -E'
CPPFLAGS=''
DEFS='-DHAVE_CONFIG_H'
ECHO_C=''
ECHO_N='-n'
ECHO_T=''
EGREP='/usr/bin/grep -E'
EXEEXT='.asm'
GREP='/usr/bin/grep'
INSTALL_DATA='${INSTALL} -m 644'
INSTALL_PROGRAM='${INSTALL}'
INSTALL_SCRIPT='${INSTALL}'
LDFLAGS=''
LIBOBJS=''
LIBS=''
LTLIBOBJS=''
OBJEXT='asm'
PACKAGE_BUGREPORT=''
PACKAGE_NAME=''
PACKAGE_STRING=''
PACKAGE_TARNAME=''
PACKAGE_VERSION=''
PATH_SEPARATOR=':'
RANLIB='ranlib'
SHELL='/bin/sh'
ac_ct_CC=''
bindir='${exec_prefix}/bin'
build_alias=''
datadir='${datarootdir}'
datarootdir='${prefix}/share'
docdir='${datarootdir}/doc/${PACKAGE}'
dvidir='${docdir}'
exec_prefix='${prefix}'
host_alias='x86_64-unknown-linux-gnu'
htmldir='${docdir}'
includedir='${prefix}/include'
infodir='${datarootdir}/info'
libdir='${exec_prefix}/lib'
libexecdir='${exec_prefix}/libexec'
localedir='${datarootdir}/locale'
localstatedir='${prefix}/var'
mandir='${datarootdir}/man'
oldincludedir='/usr/include'
pdfdir='${docdir}'
prefix='/usr/local'
program_transform_name='s,x,x,'
psdir='${docdir}'
sbindir='${exec_prefix}/sbin'
sharedstatedir='${prefix}/com'
sysconfdir='${prefix}/etc'
target_alias='sdcc-z80'

## ----------- ##
## confdefs.h. ##
## ----------- ##

#define PACKAGE_NAME ""
#define PACKAGE_TARNAME ""
#define PACKAGE_VERSION ""
#define PACKAGE_STRING ""
#define PACKAGE_BUGREPORT ""
#define _GNU_SOURCE 1
#define STDC_HEADERS 1
#define HAVE_SYS_TYPES_H 1
#define HAVE_SYS_STAT_H 1
#define HAVE_STDLIB_H 1
#define HAVE_STRING_H 1
#define HAVE_INTTYPES_H 1
#define HAVE_STDINT_H 1
#define HAVE_UNISTD_H 1
#define SIZEOF_SHORT 2
#define SIZEOF_INT 2
#define SIZEOF_LONG 4
#define HAVE_GETOPT_H 1

configure: exit 0
